<?xml version="1.0" encoding="UTF-8"?>
<!-- Generated by org.testng.reporters.JUnitXMLReporter -->
<testsuite ignored="0" hostname="LAPTOP-6COU3AKC" failures="0" tests="3" name="Chrome Test" time="51.018" errors="0" timestamp="2023-01-09T13:17:25 IST">
  <testcase classname="lambdatestjava.LambdaTestJava2" name="testScenario2" time="6.004"/>
  <testcase classname="lambdatestjava.LambdaTestJava3" name="testScenario3" time="15.315"/>
  <testcase classname="lambdatestjava.LambdaTestJava" name="testScenario1" time="6.348"/>
</testsuite> <!-- Chrome Test -->
