<?xml version="1.0" encoding="UTF-8"?>
<!-- Generated by org.testng.reporters.JUnitXMLReporter -->
<testsuite ignored="0" hostname="LAPTOP-6COU3AKC" failures="1" tests="3" name="Firefox Test" time="60.833" errors="0" timestamp="2023-01-09T13:18:26 IST">
  <testcase classname="lambdatestjava.LambdaTestJava2" name="testScenario2" time="6.867"/>
  <testcase classname="lambdatestjava.LambdaTestJava3" name="testScenario3" time="20.023">
    <failure type="org.testng.internal.thread.ThreadTimeoutException" message="Method lambdatestjava.LambdaTestJava3.testScenario3() didn&amp;apos;t finish within the time-out 20000">
      <![CDATA[org.testng.internal.thread.ThreadTimeoutException: Method lambdatestjava.LambdaTestJava3.testScenario3() didn't finish within the time-out 20000
at java.base/java.util.concurrent.ThreadPoolExecutor.runWorker(ThreadPoolExecutor.java:1130)
at java.base/java.util.concurrent.ThreadPoolExecutor$Worker.run(ThreadPoolExecutor.java:630)
at java.base/java.lang.Thread.run(Thread.java:832)
... Removed 9 stack frames]]>
    </failure>
  </testcase> <!-- testScenario3 -->
  <testcase classname="lambdatestjava.LambdaTestJava" name="testScenario1" time="7.672"/>
</testsuite> <!-- Firefox Test -->
