<?xml version="1.0" encoding="UTF-8"?>
<!-- Generated by org.testng.reporters.JUnitXMLReporter -->
<testsuite ignored="0" hostname="LAPTOP-6COU3AKC" failures="0" tests="3" name="Microsoft Edge Test" time="45.239" errors="0" timestamp="2023-01-09T13:19:11 IST">
  <testcase classname="lambdatestjava.LambdaTestJava2" name="testScenario2" time="4.721"/>
  <testcase classname="lambdatestjava.LambdaTestJava" name="testScenario1" time="5.476"/>
  <testcase classname="lambdatestjava.LambdaTestJava3" name="testScenario3" time="13.927"/>
</testsuite> <!-- Microsoft Edge Test -->
