<?xml version="1.0" encoding="UTF-8"?>
<testng-results ignored="0" total="1" passed="1" failed="0" skipped="0">
  <reporter-output>
  </reporter-output>
  <suite started-at="2022-12-22T12:54:29 IST" name="Default suite" finished-at="2022-12-22T12:54:47 IST" duration-ms="17929">
    <groups>
    </groups>
    <test started-at="2022-12-22T12:54:29 IST" name="Default test" finished-at="2022-12-22T12:54:47 IST" duration-ms="17929">
      <class name="lambdatest.Lambdatest">
        <test-method is-config="true" signature="setUp()[pri:0, instance:lambdatest.Lambdatest@5ae50ce6]" started-at="2022-12-22T12:54:29 IST" name="setUp" finished-at="2022-12-22T12:54:39 IST" duration-ms="10228" status="PASS">
          <reporter-output>
          </reporter-output>
        </test-method> <!-- setUp -->
        <test-method signature="testScript()[pri:0, instance:lambdatest.Lambdatest@5ae50ce6]" started-at="2022-12-22T12:54:39 IST" name="testScript" finished-at="2022-12-22T12:54:47 IST" duration-ms="7614" status="PASS">
          <reporter-output>
          </reporter-output>
        </test-method> <!-- testScript -->
      </class> <!-- lambdatest.Lambdatest -->
    </test> <!-- Default test -->
  </suite> <!-- Default suite -->
</testng-results>
